<?xml version="1.0" encoding="UTF-8"?>
<!-- Generated by org.testng.reporters.JUnitReportReporter -->
<testsuite hostname="DESKTOP-LM9MGJG" failures="0" tests="1" name="eCommercePrjt.AirtelTest" time="18.412" errors="0" timestamp="2023-08-01T12:53:44 IST" skipped="0">
  <testcase classname="eCommercePrjt.AirtelTest" name="Airtel" time="18.412"/>
  <system-out/>
</testsuite> <!-- eCommercePrjt.AirtelTest -->
