<?xml version="1.0" encoding="UTF-8"?>
<!-- Generated by org.testng.reporters.JUnitReportReporter -->
<testsuite hostname="DESKTOP-LM9MGJG" failures="0" tests="1" name="eCommercePrjt.AirtelTest" time="15.126" errors="0" timestamp="2023-07-26T13:11:22 IST" skipped="0">
  <testcase classname="eCommercePrjt.AirtelTest" name="Airtel" time="15.126"/>
  <system-out/>
</testsuite> <!-- eCommercePrjt.AirtelTest -->
