<?xml version="1.0" encoding="UTF-8"?>
<!-- Generated by org.testng.reporters.JUnitReportReporter -->
<testsuite hostname="DESKTOP-LM9MGJG" failures="0" tests="1" name="eCommercePrjt.Jio" time="11.059" errors="0" timestamp="2023-07-26T13:11:22 IST" skipped="0">
  <testcase classname="eCommercePrjt.Jio" name="JioTest" time="11.059"/>
  <system-out/>
</testsuite> <!-- eCommercePrjt.Jio -->
